<?xml version="1.0" encoding="UTF-8" ?>
<testsuites name="vitest tests" tests="6" failures="0" errors="0" time="0.0180736">
    <testsuite name="convex/users.test.ts" timestamp="2025-03-11T22:40:48.522Z" hostname="BESTPC" tests="6" failures="0" errors="0" skipped="0" time="0.0180736">
        <testcase classname="convex/users.test.ts" name="should create a signed in user" time="0.0092515">
        </testcase>
        <testcase classname="convex/users.test.ts" name="should get user by userId" time="0.0011755">
        </testcase>
        <testcase classname="convex/users.test.ts" name="should get available credits for a user" time="0.0009563">
        </testcase>
        <testcase classname="convex/users.test.ts" name="should get current user" time="0.0008692">
        </testcase>
        <testcase classname="convex/users.test.ts" name="should add credits to a user" time="0.0033337">
            <system-out>
Adding [33m5[39m credits to user: test-user-id

            </system-out>
        </testcase>
        <testcase classname="convex/users.test.ts" name="should throw error when adding credits to non-existent user" time="0.001716">
            <system-out>
Adding [33m5[39m credits to user: non-existent-user

            </system-out>
        </testcase>
    </testsuite>
</testsuites>
