<?xml version="1.0" encoding="UTF-8" ?>
<testsuites name="vitest tests" tests="5" failures="0" errors="0" time="0.0294462">
    <testsuite name="convex/users.test.ts" timestamp="2025-03-12T21:25:22.141Z" hostname="BESTPC" tests="5" failures="0" errors="0" skipped="0" time="0.0294462">
        <testcase classname="convex/users.test.ts" name="should create a signed in user" time="0.0227119">
        </testcase>
        <testcase classname="convex/users.test.ts" name="should get user by userId" time="0.0011811">
        </testcase>
        <testcase classname="convex/users.test.ts" name="should get available credits for a user" time="0.0009508">
        </testcase>
        <testcase classname="convex/users.test.ts" name="should add credits to a user" time="0.0025582">
            <system-out>
Adding [33m5[39m credits to user: test-user-id

            </system-out>
        </testcase>
        <testcase classname="convex/users.test.ts" name="should throw error when adding credits to non-existent user" time="0.0013547">
            <system-out>
Adding [33m5[39m credits to user: non-existent-user

            </system-out>
        </testcase>
    </testsuite>
</testsuites>
